fatal: Fatal error
error: Error
error: No authenticated user
error: Server error on purchase
error: Error on purchase
error: No authenticated user
error: Product not found
error: Product not found
error: El id 64f650b5fe5c0b9e6ec4c429 no corresponde con ningún producto.
error: Object id invalid format
error: El id 64f650b5fe5c0b9e6ec4c429p no tiene el formato correcto. Debe estar compuesto por números del 0 al 9 y letras minúsculas de la "a" a la "f", con longitud total es de 24 caracteres.
error: Object id invalid format
error: Product not found
error: Object id invalid format
error: Unauthorized
error: Product not found
error: Product not found
error: Error: No auth token
error: Object id invalid format
error: At least one property must be provided for update
error: Invalid properties
error: Invalid properties
error: Product not found
error: Error: No auth token
error: NaN is not a function
error: Product or cart not found
error: Unauthorized
error: Error: No auth token
error: Product or cart not found
error: Object id invalid format
error: Object id invalid format
error: User not found
error: User not found
error: User not found
error: Not valid email
error: Not valid email
error: resetTokensService.saveCode is not a function
error: data and hash arguments required
error: data and hash arguments required
error: data and hash arguments required
error: data and hash arguments required
error: data and hash arguments required
error: data and hash arguments required
error: data and hash arguments required
error: username is not defined
error: This password is not allowed
error: role is not defined
error: Unauthorized
error: Unauthorized
error: Unauthorized
error: Error: No auth token
error: role is not defined
error: Forbidden
error: mongoose is not defined
error: Forbidden
error: Forbidden
error: Forbidden
error: Forbidden
error: Forbidden
error: email is not defined
error: No authenticated user
error: Unauthorized
error: E11000 duplicate key error collection: ecommerce.products index: code_1 dup key: { code: "P021" }
error: E11000 duplicate key error collection: ecommerce.products index: code_1 dup key: { code: "P021" }
error: E11000 duplicate key error collection: ecommerce.products index: code_1 dup key: { code: "P021" }
error: E11000 duplicate key error collection: ecommerce.products index: code_1 dup key: { code: "P021" }
error: E11000 duplicate key error collection: ecommerce.products index: code_1 dup key: { code: "P021" }
error: Cart not found
error: Operation `carts.insertOne()` buffering timed out after 10000ms
error: Operation `carts.insertOne()` buffering timed out after 10000ms
error: Operation `carts.insertOne()` buffering timed out after 10000ms
error: Unauthorized
error: Unauthorized
error: Unauthorized
error: Unauthorized
error: Unauthorized
error: Unauthorized
error: Unauthorized
error: Unauthorized
error: Unauthorized
error: Unauthorized
error: Unauthorized
error: Unauthorized
error: Unauthorized
error: Unauthorized
error: Unauthorized
error: Unauthorized
error: Unauthorized
error: Unauthorized
error: Unauthorized
error: Unauthorized
error: Unauthorized
error: Unauthorized
error: Unauthorized
error: Unauthorized
error: Unauthorized
error: Unauthorized
error: Unauthorized
error: Product not found
error: Object id invalid format
error: Cannot update user
error: Cannot update user
error: Cannot update user
error: undefined {"kind":"ObjectId","path":"_id","reason":{},"stringValue":"\"64f650a1fe5c0b9e6ec4c42\"","value":"64f650a1fe5c0b9e6ec4c42","valueType":"string"}
error: Error: No auth token
error: undefined {"kind":"ObjectId","path":"_id","reason":{},"stringValue":"\"64f650a1fe5c0b9e6ec4c42\"","value":"64f650a1fe5c0b9e6ec4c42","valueType":"string"}
error: undefined {"kind":"ObjectId","path":"_id","reason":{},"stringValue":"\"64f650a1fe5c0b9e6ec4c42\"","value":"64f650a1fe5c0b9e6ec4c42","valueType":"string"}
error: undefined {"kind":"ObjectId","path":"_id","reason":{},"stringValue":"\"64f650a1fe5c0b9e6ec4c42\"","value":"64f650a1fe5c0b9e6ec4c42","valueType":"string"}
error: undefined {"kind":"ObjectId","path":"_id","reason":{},"stringValue":"\"64f650a1fe5c0b9e6ec4c42\"","value":"64f650a1fe5c0b9e6ec4c42","valueType":"string"}
error: undefined {"kind":"ObjectId","path":"_id","reason":{},"stringValue":"\"64f650a1fe5c0b9e6ec4c42\"","value":"64f650a1fe5c0b9e6ec4c42","valueType":"string"}
error: undefined {"kind":"ObjectId","path":"_id","reason":{},"stringValue":"\"64f650a1fe5c0b9e6ec4c42\"","value":"64f650a1fe5c0b9e6ec4c42","valueType":"string"}
error: undefined {"kind":"ObjectId","path":"_id","reason":{},"stringValue":"\"64f650a1fe5c0b9e6ec4c42\"","value":"64f650a1fe5c0b9e6ec4c42","valueType":"string"}
error: undefined {"kind":"ObjectId","path":"_id","reason":{},"stringValue":"\"64f650a1fe5c0b9e6ec4c42\"","value":"64f650a1fe5c0b9e6ec4c42","valueType":"string"}
error: undefined {"kind":"ObjectId","path":"_id","reason":{},"stringValue":"\"64f650a1fe5c0b9e6ec4c42\"","value":"64f650a1fe5c0b9e6ec4c42","valueType":"string"}
error: undefined {"kind":"ObjectId","path":"_id","reason":{},"stringValue":"\"64f650a1fe5c0b9e6ec4c42\"","value":"64f650a1fe5c0b9e6ec4c42","valueType":"string"}
error: undefined {"kind":"ObjectId","path":"_id","reason":{},"stringValue":"\"64f650a1fe5c0b9e6ec4c42\"","value":"64f650a1fe5c0b9e6ec4c42","valueType":"string"}
error: undefined
error: undefined
error: undefined
error: undefined
error: undefined
error: undefined
error: undefined
error: undefined
error: Cart not found
error: Product not found
error: Error: No auth token
error: Forbidden
error: Object id invalid format
error: Unauthorized
error: Error: No auth token
error: Unauthorized
error: Unauthorized
error: Unauthorized
error: Unauthorized
error: Unauthorized
error: Unauthorized
error: Unauthorized
error: Cannot read properties of undefined (reading 'email')
error: Forbidden
error: Unauthorized
error: Unauthorized
error: Error: No auth token
error: Unauthorized
error: Error saving docs
error: Error saving docs
error: Cannot set properties of undefined (setting 'id_doc')
error: Cannot set properties of undefined (setting 'id_doc')
error: Cannot set properties of undefined (setting 'id_doc')
error: Cannot set properties of undefined (setting 'id_doc')
error: Cannot set properties of undefined (setting 'id_doc')
error: res.send is not a function
error: Cannot read properties of undefined (reading '_id')
error: Cannot read properties of undefined (reading '_id')
error: Cannot read properties of undefined (reading '_id')
error: Cannot read properties of undefined (reading '_id')
error: this.dao.getAll(...).map is not a function
error: Cannot read properties of undefined (reading '_id')
error: Cannot read properties of undefined (reading '_id')
error: Cannot read properties of undefined (reading '_id')
error: Cannot read properties of undefined (reading '_id')
error: Cannot read properties of undefined (reading '_id')
error: Unauthorized
error: Cannot read properties of undefined (reading 'email')
error: Cannot read properties of undefined (reading '_id')
error: Cannot read properties of undefined (reading '_id')
error: Cannot access 'users' before initialization
error: Cannot access 'users' before initialization
error: Cannot read properties of undefined (reading '_id')
error: Cannot read properties of undefined (reading '_id')
error: Cannot read properties of undefined (reading '_id')
error: Cannot read properties of undefined (reading '_id')
error: Cannot read properties of undefined (reading '_id')
error: Cannot read properties of undefined (reading '_id')
error: Unauthorized
error: Cannot read properties of undefined (reading 'email')
error: Cannot read properties of undefined (reading '_id')
error: Cannot read properties of undefined (reading 'map')
error: Cannot read properties of undefined (reading '_id')
error: Cannot read properties of undefined (reading '_id')
error: Cannot read properties of undefined (reading '_id')
error: Cannot read properties of undefined (reading '_id')
error: Cannot read properties of undefined (reading '_id')
error: Cannot read properties of undefined (reading '_id')
error: Cannot read properties of undefined (reading '_id')
error: Cannot read properties of undefined (reading '_id')
error: Cannot read properties of undefined (reading '_id')
error: Cannot read properties of undefined (reading '_id')
error: Cannot read properties of undefined (reading '_id')
error: Cannot read properties of undefined (reading '_id')
error: Cannot read properties of undefined (reading '_id')
error: Cannot read properties of undefined (reading '_id')
error: Unauthorized
error: Unauthorized
error: Cannot read properties of undefined (reading '_id')
error: Cannot read properties of undefined (reading '_id')
error: Cannot read properties of undefined (reading '_id')
error: Cannot read properties of undefined (reading '_id')
error: Cannot read properties of undefined (reading '_id')
error: Cannot read properties of undefined (reading '_id')
error: Cannot read properties of undefined (reading '_id')
error: Cannot read properties of undefined (reading '_id')
error: Error: No auth token
error: Cannot read properties of undefined (reading 'length')
error: Cannot read properties of undefined (reading 'length')
